<?xml version="1.0" encoding="UTF-8"?>
<!-- Generated by org.testng.reporters.JUnitReportReporter -->
<testsuite skipped="0" hostname="DESKTOP-BH5E9OR" name="myPackage.SmokeTest" tests="1" failures="0" timestamp="08 Feb 2019 11:07:02 GMT" time="21.827" errors="0">
  <testcase name="loginTest" time="21.827" classname="myPackage.SmokeTest"/>
</testsuite> <!-- myPackage.SmokeTest -->
